#
# There is insufficient memory for the Java Runtime Environment to continue.
# Native memory allocation (malloc) failed to allocate 1356176 bytes for Chunk::new
# Possible reasons:
#   The system is out of physical RAM or swap space
#   The process is running with CompressedOops enabled, and the Java Heap may be blocking the growth of the native heap
# Possible solutions:
#   Reduce memory load on the system
#   Increase physical memory or swap space
#   Check if swap backing store is full
#   Decrease Java heap size (-Xmx/-Xms)
#   Decrease number of Java threads
#   Decrease Java thread stack sizes (-Xss)
#   Set larger code cache with -XX:ReservedCodeCacheSize=
#   JVM is running with Unscaled Compressed Oops mode in which the Java heap is
#     placed in the first 4GB address space. The Java Heap base address is the
#     maximum limit for the native heap growth. Please use -XX:HeapBaseMinAddress
#     to set the Java Heap base and to place the Java Heap above 4GB virtual address.
# This output file may be truncated or incomplete.
#
#  Out of Memory Error (allocation.cpp:389), pid=15468, tid=0x00000000000006e4
#
# JRE version: OpenJDK Runtime Environment (8.0_202-b03) (build 1.8.0_202-release-1483-b03)
# Java VM: OpenJDK 64-Bit Server VM (25.202-b03 mixed mode windows-amd64 compressed oops)
# Failed to write core dump. Minidumps are not enabled by default on client versions of Windows
#

---------------  T H R E A D  ---------------

Current thread (0x0000000015222000):  JavaThread "C2 CompilerThread1" daemon [_thread_in_native, id=1764, stack(0x0000000016950000,0x0000000016a50000)]

Stack: [0x0000000016950000,0x0000000016a50000]
[error occurred during error reporting (printing stack bounds), id 0xc0000005]

Native frames: (J=compiled Java code, j=interpreted, Vv=VM code, C=native code)


Current CompileTask:
C2:7975540 23361   !   4       com.android.ide.common.resources.ResourceSet::createFileAndItemsFromXml (576 bytes)


---------------  P R O C E S S  ---------------

Java Threads: ( => current thread )
  0x000000001fd97000 JavaThread "stdout" [_thread_in_native, id=22392, stack(0x000000004dde0000,0x000000004dee0000)]
  0x000000001fd8d000 JavaThread "stderr" [_thread_in_native, id=8084, stack(0x000000004dce0000,0x000000004dde0000)]
  0x000000001fd94000 JavaThread "WorkerExecutor Queue Thread 2" [_thread_blocked, id=22328, stack(0x000000004dbe0000,0x000000004dce0000)]
  0x000000001fd8c800 JavaThread "pool-49-thread-1" [_thread_blocked, id=9828, stack(0x000000004dae0000,0x000000004dbe0000)]
  0x000000001fd93800 JavaThread "WorkerExecutor Queue" [_thread_blocked, id=11628, stack(0x000000004d9e0000,0x000000004dae0000)]
  0x000000001fd92800 JavaThread "Cache worker for execution history cache (E:\Workspace\AndroidStudio\Calculator\.gradle\5.4.1\executionHistory)" [_thread_blocked, id=21952, stack(0x000000004d8e0000,0x000000004d9e0000)]
  0x000000001fd8b000 JavaThread "Execution worker for ':' Thread 3" [_thread_blocked, id=14684, stack(0x000000004d7e0000,0x000000004d8e0000)]
  0x000000001fd8e000 JavaThread "Execution worker for ':' Thread 2" [_thread_blocked, id=19040, stack(0x000000004d6e0000,0x000000004d7e0000)]
  0x000000001fd8f800 JavaThread "Execution worker for ':'" [_thread_blocked, id=9496, stack(0x000000004d5e0000,0x000000004d6e0000)]
  0x000000001fd8e800 JavaThread "Cache worker for file content cache (E:\Workspace\AndroidStudio\Calculator\.gradle\5.4.1\fileContent)" [_thread_blocked, id=12532, stack(0x000000004d4e0000,0x000000004d5e0000)]
  0x000000001fd91000 JavaThread "Cache worker for Build Output Cleanup Cache (E:\Workspace\AndroidStudio\Calculator\.gradle\buildOutputCleanup)" [_thread_blocked, id=22420, stack(0x000000004d3e0000,0x000000004d4e0000)]
  0x000000001cd2c800 JavaThread "Build operations Thread 4" [_thread_blocked, id=8772, stack(0x000000004d2e0000,0x000000004d3e0000)]
  0x000000001cd2b800 JavaThread "Build operations Thread 3" [_thread_blocked, id=7888, stack(0x000000004d1e0000,0x000000004d2e0000)]
  0x000000001cd2a000 JavaThread "Build operations Thread 2" [_thread_blocked, id=22264, stack(0x000000004d0e0000,0x000000004d1e0000)]
  0x000000001cd28800 JavaThread "Build operations" [_thread_blocked, id=21820, stack(0x000000004cfe0000,0x000000004d0e0000)]
  0x000000001cd2b000 JavaThread "Cache worker for cache directory md-rule (C:\Users\Aldr\.gradle\caches\5.4.1\md-rule)" [_thread_blocked, id=16468, stack(0x000000004cee0000,0x000000004cfe0000)]
  0x000000001cd20800 JavaThread "Cache worker for cache directory md-supplier (C:\Users\Aldr\.gradle\caches\5.4.1\md-supplier)" [_thread_blocked, id=17736, stack(0x000000004cde0000,0x000000004cee0000)]
  0x000000001cd26800 JavaThread "Cache worker for file hash cache (E:\Workspace\AndroidStudio\Calculator\.gradle\5.4.1\fileHashes)" [_thread_blocked, id=18328, stack(0x000000004cce0000,0x000000004cde0000)]
  0x000000001cd25800 JavaThread "Thread-525" [_thread_blocked, id=7984, stack(0x000000004cbe0000,0x000000004cce0000)]
  0x000000001cd25000 JavaThread "Stdin handler" [_thread_blocked, id=3036, stack(0x000000004cae0000,0x000000004cbe0000)]
  0x000000001cd24000 JavaThread "Asynchronous log dispatcher for DefaultDaemonConnection: socket connection from /127.0.0.1:58028 to /127.0.0.1:63019" [_thread_blocked, id=17336, stack(0x000000004c9e0000,0x000000004cae0000)]
  0x000000001cd27000 JavaThread "Daemon worker Thread 16" [_thread_blocked, id=19676, stack(0x000000004c8e0000,0x000000004c9e0000)]
  0x000000001cd22000 JavaThread "Cancel handler" [_thread_blocked, id=19536, stack(0x000000004c7e0000,0x000000004c8e0000)]
  0x000000001cd23800 JavaThread "Handler for socket connection from /127.0.0.1:58028 to /127.0.0.1:63019" [_thread_in_native, id=21876, stack(0x000000004c6e0000,0x000000004c7e0000)]
  0x000000001cd21000 JavaThread "Daemon Thread 16" [_thread_blocked, id=15712, stack(0x000000004c5e0000,0x000000004c6e0000)]
  0x000000001cd28000 JavaThread "Cache worker for Java compile cache (C:\Users\Aldr\.gradle\caches\5.4.1\javaCompile)" [_thread_blocked, id=10440, stack(0x00000000258e0000,0x00000000259e0000)]
  0x0000000016c76000 JavaThread "Cache worker for file content cache (C:\Users\Aldr\.gradle\caches\5.4.1\fileContent)" [_thread_blocked, id=7832, stack(0x0000000024ae0000,0x0000000024be0000)]
  0x000000001bb93800 JavaThread "Memory manager" [_thread_blocked, id=22156, stack(0x0000000021370000,0x0000000021470000)]
  0x000000001bb8e800 JavaThread "Cache worker for execution history cache (C:\Users\Aldr\.gradle\caches\5.4.1\executionHistory)" [_thread_blocked, id=21784, stack(0x000000001f2e0000,0x000000001f3e0000)]
  0x0000000016a58800 JavaThread "Cache worker for journal cache (C:\Users\Aldr\.gradle\caches\journal-1)" [_thread_blocked, id=17424, stack(0x0000000019da0000,0x0000000019ea0000)]
  0x0000000016a5d000 JavaThread "File lock request listener" [_thread_in_native, id=7176, stack(0x0000000019ca0000,0x0000000019da0000)]
  0x0000000016a5d800 JavaThread "Cache worker for file hash cache (C:\Users\Aldr\.gradle\caches\5.4.1\fileHashes)" [_thread_blocked, id=17956, stack(0x0000000019ba0000,0x0000000019ca0000)]
  0x00000000172f2800 JavaThread "Daemon periodic checks" [_thread_blocked, id=18652, stack(0x00000000192a0000,0x00000000193a0000)]
  0x0000000017262000 JavaThread "Incoming local TCP Connector on port 58028" [_thread_in_native, id=3152, stack(0x0000000018f60000,0x0000000019060000)]
  0x0000000018121000 JavaThread "Daemon health stats" [_thread_blocked, id=18664, stack(0x0000000018920000,0x0000000018a20000)]
  0x0000000015257800 JavaThread "Service Thread" daemon [_thread_blocked, id=20484, stack(0x0000000016f50000,0x0000000017050000)]
  0x0000000016a5e800 JavaThread "C1 CompilerThread2" daemon [_thread_blocked, id=9644, stack(0x0000000016e50000,0x0000000016f50000)]
=>0x0000000015222000 JavaThread "C2 CompilerThread1" daemon [_thread_in_native, id=1764, stack(0x0000000016950000,0x0000000016a50000)]
  0x0000000015202800 JavaThread "C2 CompilerThread0" daemon [_thread_blocked, id=9252, stack(0x0000000016850000,0x0000000016950000)]
  0x0000000015201000 JavaThread "Attach Listener" daemon [_thread_blocked, id=13932, stack(0x0000000016750000,0x0000000016850000)]
  0x0000000015200000 JavaThread "Signal Dispatcher" daemon [_thread_blocked, id=4968, stack(0x0000000016650000,0x0000000016750000)]
  0x0000000002b25000 JavaThread "Finalizer" daemon [_thread_blocked, id=11328, stack(0x0000000016450000,0x0000000016550000)]
  0x00000000151e9000 JavaThread "Reference Handler" daemon [_thread_blocked, id=6516, stack(0x0000000016350000,0x0000000016450000)]
  0x000000000296e000 JavaThread "main" [_thread_blocked, id=7708, stack(0x0000000002860000,0x0000000002960000)]

Other Threads:
  0x00000000151c8800 VMThread [stack: 0x0000000016250000,0x0000000016350000] [id=6496]
  0x0000000016a66000 WatcherThread [stack: 0x0000000017050000,0x0000000017150000] [id=7156]

VM state:not at safepoint (normal execution)

VM Mutex/Monitor currently owned by a thread: None

heap address: 0x00000000c0000000, size: 1024 MB, Compressed Oops mode: 32-bit
Narrow klass base: 0x0000000000000000, Narrow klass shift: 3
Compressed class space size: 1073741824 Address: 0x0000000100000000

Heap:
 PSYoungGen      total 207360K, used 30509K [0x00000000eab00000, 0x00000000fa880000, 0x0000000100000000)
  eden space 161280K, 10% used [0x00000000eab00000,0x00000000ebc198f8,0x00000000f4880000)
  from space 46080K, 28% used [0x00000000f4880000,0x00000000f5531bf8,0x00000000f7580000)
  to   space 44032K, 0% used [0x00000000f7d80000,0x00000000f7d80000,0x00000000fa880000)
 ParOldGen       total 176640K, used 62038K [0x00000000c0000000, 0x00000000cac80000, 0x00000000eab00000)
  object space 176640K, 35% used [0x00000000c0000000,0x00000000c3c959a0,0x00000000cac80000)
 Metaspace       used 89963K, capacity 95944K, committed 96216K, reserved 1132544K
  class space    used 11502K, capacity 12501K, committed 12544K, reserved 1048576K

Card table byte_map: [0x0000000011ef0000,0x0000000012100000] byte_map_base: 0x00000000118f0000

Marking Bits: (ParMarkBitMap*) 0x000000005c5f9f30
 Begin Bits: [0x0000000012660000, 0x0000000013660000)
 End Bits:   [0x0000000013660000, 0x0000000014660000)

Polling page: 0x0000000000d70000

CodeCache: size=245760Kb used=63681Kb max_used=63701Kb free=182078Kb
 bounds [0x0000000002b30000, 0x00000000069d0000, 0x0000000011b30000]
 total_blobs=18940 nmethods=18082 adapters=768
 compilation: enabled

Compilation events (10 events):
Event: 7975.232 Thread 0x0000000016a5e800 nmethod 23382 0x00000000069bd090 code [0x00000000069bd360, 0x00000000069be7a8]
Event: 7975.257 Thread 0x0000000015202800 nmethod 23379 0x00000000069c5390 code [0x00000000069c56a0, 0x00000000069c6a80]
Event: 7975.269 Thread 0x0000000015202800 23383       4       org.gradle.internal.execution.history.changes.ImplementationChanges::findUnknownImplementation (40 bytes)
Event: 7975.274 Thread 0x0000000015202800 nmethod 23383 0x0000000002eb33d0 code [0x0000000002eb3540, 0x0000000002eb3738]
Event: 7975.372 Thread 0x0000000015202800 23384       4       java.util.stream.Sink$ChainedReference::begin (11 bytes)
Event: 7975.373 Thread 0x0000000015202800 nmethod 23384 0x0000000003456810 code [0x0000000003456940, 0x00000000034569b8]
Event: 7975.398 Thread 0x0000000015202800 23385       4       org.gradle.api.internal.artifacts.transform.ConsumerProvidedResolvedVariant::startVisit (62 bytes)
Event: 7975.405 Thread 0x0000000015202800 nmethod 23385 0x00000000069c3510 code [0x00000000069c36a0, 0x00000000069c3b28]
Event: 7975.408 Thread 0x0000000015202800 23386       4       org.gradle.api.internal.artifacts.transform.DefaultExecutionGraphDependenciesResolver::<init> (32 bytes)
Event: 7975.409 Thread 0x0000000015202800 nmethod 23386 0x0000000003bb0090 code [0x0000000003bb01c0, 0x0000000003bb0258]

GC Heap History (10 events):
Event: 6384.342 GC heap before
{Heap before GC invocations=41 (full 4):
 PSYoungGen      total 189952K, used 158950K [0x00000000eab00000, 0x00000000f8d80000, 0x0000000100000000)
  eden space 152064K, 100% used [0x00000000eab00000,0x00000000f3f80000,0x00000000f3f80000)
  from space 37888K, 18% used [0x00000000f6880000,0x00000000f6f39bd8,0x00000000f8d80000)
  to   space 39936K, 0% used [0x00000000f3f80000,0x00000000f3f80000,0x00000000f6680000)
 ParOldGen       total 176640K, used 62006K [0x00000000c0000000, 0x00000000cac80000, 0x00000000eab00000)
  object space 176640K, 35% used [0x00000000c0000000,0x00000000c3c8d9a0,0x00000000cac80000)
 Metaspace       used 89578K, capacity 95578K, committed 95704K, reserved 1132544K
  class space    used 11486K, capacity 12446K, committed 12544K, reserved 1048576K
Event: 6384.408 GC heap after
Heap after GC invocations=41 (full 4):
 PSYoungGen      total 192000K, used 32188K [0x00000000eab00000, 0x00000000f9d80000, 0x0000000100000000)
  eden space 152064K, 0% used [0x00000000eab00000,0x00000000eab00000,0x00000000f3f80000)
  from space 39936K, 80% used [0x00000000f3f80000,0x00000000f5eef2c8,0x00000000f6680000)
  to   space 43520K, 0% used [0x00000000f7300000,0x00000000f7300000,0x00000000f9d80000)
 ParOldGen       total 176640K, used 62014K [0x00000000c0000000, 0x00000000cac80000, 0x00000000eab00000)
  object space 176640K, 35% used [0x00000000c0000000,0x00000000c3c8f9a0,0x00000000cac80000)
 Metaspace       used 89578K, capacity 95578K, committed 95704K, reserved 1132544K
  class space    used 11486K, capacity 12446K, committed 12544K, reserved 1048576K
}
Event: 6554.751 GC heap before
{Heap before GC invocations=42 (full 4):
 PSYoungGen      total 192000K, used 184252K [0x00000000eab00000, 0x00000000f9d80000, 0x0000000100000000)
  eden space 152064K, 100% used [0x00000000eab00000,0x00000000f3f80000,0x00000000f3f80000)
  from space 39936K, 80% used [0x00000000f3f80000,0x00000000f5eef2c8,0x00000000f6680000)
  to   space 43520K, 0% used [0x00000000f7300000,0x00000000f7300000,0x00000000f9d80000)
 ParOldGen       total 176640K, used 62014K [0x00000000c0000000, 0x00000000cac80000, 0x00000000eab00000)
  object space 176640K, 35% used [0x00000000c0000000,0x00000000c3c8f9a0,0x00000000cac80000)
 Metaspace       used 89743K, capacity 95684K, committed 95960K, reserved 1132544K
  class space    used 11496K, capacity 12463K, committed 12544K, reserved 1048576K
Event: 6554.779 GC heap after
Heap after GC invocations=42 (full 4):
 PSYoungGen      total 199680K, used 20546K [0x00000000eab00000, 0x00000000f9a00000, 0x0000000100000000)
  eden space 159744K, 0% used [0x00000000eab00000,0x00000000eab00000,0x00000000f4700000)
  from space 39936K, 51% used [0x00000000f7300000,0x00000000f8710978,0x00000000f9a00000)
  to   space 42496K, 0% used [0x00000000f4700000,0x00000000f4700000,0x00000000f7080000)
 ParOldGen       total 176640K, used 62022K [0x00000000c0000000, 0x00000000cac80000, 0x00000000eab00000)
  object space 176640K, 35% used [0x00000000c0000000,0x00000000c3c919a0,0x00000000cac80000)
 Metaspace       used 89743K, capacity 95684K, committed 95960K, reserved 1132544K
  class space    used 11496K, capacity 12463K, committed 12544K, reserved 1048576K
}
Event: 7691.601 GC heap before
{Heap before GC invocations=43 (full 4):
 PSYoungGen      total 199680K, used 180290K [0x00000000eab00000, 0x00000000f9a00000, 0x0000000100000000)
  eden space 159744K, 100% used [0x00000000eab00000,0x00000000f4700000,0x00000000f4700000)
  from space 39936K, 51% used [0x00000000f7300000,0x00000000f8710978,0x00000000f9a00000)
  to   space 42496K, 0% used [0x00000000f4700000,0x00000000f4700000,0x00000000f7080000)
 ParOldGen       total 176640K, used 62022K [0x00000000c0000000, 0x00000000cac80000, 0x00000000eab00000)
  object space 176640K, 35% used [0x00000000c0000000,0x00000000c3c919a0,0x00000000cac80000)
 Metaspace       used 89785K, capacity 95786K, committed 95960K, reserved 1132544K
  class space    used 11497K, capacity 12496K, committed 12544K, reserved 1048576K
Event: 7691.622 GC heap after
Heap after GC invocations=43 (full 4):
 PSYoungGen      total 202240K, used 7943K [0x00000000eab00000, 0x00000000f9e00000, 0x0000000100000000)
  eden space 159744K, 0% used [0x00000000eab00000,0x00000000eab00000,0x00000000f4700000)
  from space 42496K, 18% used [0x00000000f4700000,0x00000000f4ec1c50,0x00000000f7080000)
  to   space 41472K, 0% used [0x00000000f7580000,0x00000000f7580000,0x00000000f9e00000)
 ParOldGen       total 176640K, used 62030K [0x00000000c0000000, 0x00000000cac80000, 0x00000000eab00000)
  object space 176640K, 35% used [0x00000000c0000000,0x00000000c3c939a0,0x00000000cac80000)
 Metaspace       used 89785K, capacity 95786K, committed 95960K, reserved 1132544K
  class space    used 11497K, capacity 12496K, committed 12544K, reserved 1048576K
}
Event: 7693.482 GC heap before
{Heap before GC invocations=44 (full 4):
 PSYoungGen      total 202240K, used 167687K [0x00000000eab00000, 0x00000000f9e00000, 0x0000000100000000)
  eden space 159744K, 100% used [0x00000000eab00000,0x00000000f4700000,0x00000000f4700000)
  from space 42496K, 18% used [0x00000000f4700000,0x00000000f4ec1c50,0x00000000f7080000)
  to   space 41472K, 0% used [0x00000000f7580000,0x00000000f7580000,0x00000000f9e00000)
 ParOldGen       total 176640K, used 62030K [0x00000000c0000000, 0x00000000cac80000, 0x00000000eab00000)
  object space 176640K, 35% used [0x00000000c0000000,0x00000000c3c939a0,0x00000000cac80000)
 Metaspace       used 89819K, capacity 95854K, committed 95960K, reserved 1132544K
  class space    used 11497K, capacity 12496K, committed 12544K, reserved 1048576K
Event: 7693.523 GC heap after
Heap after GC invocations=44 (full 4):
 PSYoungGen      total 202752K, used 35061K [0x00000000eab00000, 0x00000000fae00000, 0x0000000100000000)
  eden space 161280K, 0% used [0x00000000eab00000,0x00000000eab00000,0x00000000f4880000)
  from space 41472K, 84% used [0x00000000f7580000,0x00000000f97bd5c8,0x00000000f9e00000)
  to   space 46080K, 0% used [0x00000000f4880000,0x00000000f4880000,0x00000000f7580000)
 ParOldGen       total 176640K, used 62038K [0x00000000c0000000, 0x00000000cac80000, 0x00000000eab00000)
  object space 176640K, 35% used [0x00000000c0000000,0x00000000c3c959a0,0x00000000cac80000)
 Metaspace       used 89819K, capacity 95854K, committed 95960K, reserved 1132544K
  class space    used 11497K, capacity 12496K, committed 12544K, reserved 1048576K
}
Event: 7975.084 GC heap before
{Heap before GC invocations=45 (full 4):
 PSYoungGen      total 202752K, used 196341K [0x00000000eab00000, 0x00000000fae00000, 0x0000000100000000)
  eden space 161280K, 100% used [0x00000000eab00000,0x00000000f4880000,0x00000000f4880000)
  from space 41472K, 84% used [0x00000000f7580000,0x00000000f97bd5c8,0x00000000f9e00000)
  to   space 46080K, 0% used [0x00000000f4880000,0x00000000f4880000,0x00000000f7580000)
 ParOldGen       total 176640K, used 62038K [0x00000000c0000000, 0x00000000cac80000, 0x00000000eab00000)
  object space 176640K, 35% used [0x00000000c0000000,0x00000000c3c959a0,0x00000000cac80000)
 Metaspace       used 89957K, capacity 95932K, committed 96216K, reserved 1132544K
  class space    used 11501K, capacity 12499K, committed 12544K, reserved 1048576K
Event: 7975.120 GC heap after
Heap after GC invocations=45 (full 4):
 PSYoungGen      total 207360K, used 12998K [0x00000000eab00000, 0x00000000fa880000, 0x0000000100000000)
  eden space 161280K, 0% used [0x00000000eab00000,0x00000000eab00000,0x00000000f4880000)
  from space 46080K, 28% used [0x00000000f4880000,0x00000000f5531bf8,0x00000000f7580000)
  to   space 44032K, 0% used [0x00000000f7d80000,0x00000000f7d80000,0x00000000fa880000)
 ParOldGen       total 176640K, used 62038K [0x00000000c0000000, 0x00000000cac80000, 0x00000000eab00000)
  object space 176640K, 35% used [0x00000000c0000000,0x00000000c3c959a0,0x00000000cac80000)
 Metaspace       used 89957K, capacity 95932K, committed 96216K, reserved 1132544K
  class space    used 11501K, capacity 12499K, committed 12544K, reserved 1048576K
}

Deoptimization events (10 events):
Event: 7692.761 Thread 0x000000001fd8e800 Uncommon trap: reason=bimorphic action=maybe_recompile pc=0x0000000004555dcc method=com.sun.tools.javac.jvm.Gen.genExpr(Lcom/sun/tools/javac/tree/JCTree;Lcom/sun/tools/javac/code/Type;)Lcom/sun/tools/javac/jvm/Items$Item; @ 20
Event: 7692.927 Thread 0x000000001cd2c800 Uncommon trap: reason=bimorphic action=maybe_recompile pc=0x00000000052d0d98 method=com.android.tools.r8.ir.conversion.X.a(I[Lcom/android/tools/r8/ir/conversion/P;Lcom/android/tools/r8/m/a/a/b/d0;)Z @ 4
Event: 7692.933 Thread 0x000000001cd2c800 Uncommon trap: reason=class_check action=maybe_recompile pc=0x0000000005ecb168 method=com.android.tools.r8.ir.code.NextUntilIterator.nextUntil(Ljava/util/function/Predicate;)Ljava/lang/Object; @ 1
Event: 7693.004 Thread 0x000000001cd2c800 Uncommon trap: reason=predicate action=maybe_recompile pc=0x000000000666e300 method=java.util.TimSort.mergeHi(IIII)V @ 191
Event: 7693.004 Thread 0x000000001cd2c800 Uncommon trap: reason=array_check action=maybe_recompile pc=0x000000000666c1fc method=java.util.TimSort.mergeLo(IIII)V @ 133
Event: 7693.004 Thread 0x000000001cd2c800 Uncommon trap: reason=predicate action=maybe_recompile pc=0x000000000666bf40 method=java.util.TimSort.mergeLo(IIII)V @ 153
Event: 7975.001 Thread 0x000000001fd8b000 Uncommon trap: reason=unstable_if action=reinterpret pc=0x0000000003ef7224 method=com.sun.org.apache.xerces.internal.impl.XMLEntityScanner.scanQName(Lcom/sun/org/apache/xerces/internal/xni/QName;Lcom/sun/org/apache/xerces/internal/impl/XMLScanner$NameType
Event: 7975.406 Thread 0x000000001fd94000 Uncommon trap: reason=bimorphic action=maybe_recompile pc=0x00000000057f7938 method=java.lang.Throwable.<init>(Ljava/lang/String;Ljava/lang/Throwable;)V @ 24
Event: 7975.407 Thread 0x000000001fd94000 Uncommon trap: reason=bimorphic action=maybe_recompile pc=0x00000000057f7938 method=java.lang.Throwable.<init>(Ljava/lang/String;Ljava/lang/Throwable;)V @ 24
Event: 7975.407 Thread 0x000000001fd94000 Uncommon trap: reason=unstable_if action=reinterpret pc=0x0000000003a02f7c method=org.gradle.internal.operations.DefaultBuildOperationExecutor$3.stop()V @ 61

Classes redefined (0 events):
No events

Internal exceptions (10 events):
Event: 7692.917 Thread 0x000000001cd2c800 Exception <a 'sun/nio/fs/WindowsException'> (0x00000000ee1c5150) thrown at [D:\src\AOSP-openjdk-cygwin\jdk8u\hotspot\src\share\vm\prims\jni.cpp, line 710]
Event: 7693.008 Thread 0x000000001cd2c800 Exception <a 'sun/nio/fs/WindowsException'> (0x00000000eeee76a8) thrown at [D:\src\AOSP-openjdk-cygwin\jdk8u\hotspot\src\share\vm\prims\jni.cpp, line 710]
Event: 7693.011 Thread 0x000000001cd2c800 Exception <a 'sun/nio/fs/WindowsException'> (0x00000000eef3c990) thrown at [D:\src\AOSP-openjdk-cygwin\jdk8u\hotspot\src\share\vm\prims\jni.cpp, line 710]
Event: 7693.014 Thread 0x000000001cd2c800 Exception <a 'sun/nio/fs/WindowsException'> (0x00000000eef8f500) thrown at [D:\src\AOSP-openjdk-cygwin\jdk8u\hotspot\src\share\vm\prims\jni.cpp, line 710]
Event: 7693.018 Thread 0x000000001cd2c800 Exception <a 'sun/nio/fs/WindowsException'> (0x00000000eefa1480) thrown at [D:\src\AOSP-openjdk-cygwin\jdk8u\hotspot\src\share\vm\prims\jni.cpp, line 710]
Event: 7693.065 Thread 0x000000001cd25800 Exception <a 'sun/nio/fs/WindowsException'> (0x00000000ef2efba0) thrown at [D:\src\AOSP-openjdk-cygwin\jdk8u\hotspot\src\share\vm\prims\jni.cpp, line 710]
Event: 7693.535 Thread 0x0000000016c77800 Exception <a 'sun/nio/fs/WindowsException'> (0x00000000eabab5f8) thrown at [D:\src\AOSP-openjdk-cygwin\jdk8u\hotspot\src\share\vm\prims\jni.cpp, line 710]
Event: 7693.764 Thread 0x000000001fd8e800 Exception <a 'sun/nio/fs/WindowsException'> (0x00000000ebe19b48) thrown at [D:\src\AOSP-openjdk-cygwin\jdk8u\hotspot\src\share\vm\prims\jni.cpp, line 710]
Event: 7804.858 Thread 0x0000000016c72800 Exception <a 'sun/nio/fs/WindowsException'> (0x00000000f181a560) thrown at [D:\src\AOSP-openjdk-cygwin\jdk8u\hotspot\src\share\vm\prims\jni.cpp, line 710]
Event: 7975.406 Thread 0x000000001fd94000 Exception <a 'java/io/IOException'> (0x00000000eb5b4018) thrown at [D:\src\AOSP-openjdk-cygwin\jdk8u\hotspot\src\share\vm\prims\jni.cpp, line 710]

Events (10 events):
Event: 7975.406 Thread 0x000000001fd94000 DEOPT UNPACKING pc=0x0000000002b7557b sp=0x000000004dcde280 mode 2
Event: 7975.406 Thread 0x0000000015202800 flushing nmethod 0x0000000003e0c910
Event: 7975.407 Thread 0x000000001fd94000 Uncommon trap: trap_request=0xffffffc6 fr.pc=0x00000000057f7938
Event: 7975.407 Thread 0x000000001fd94000 DEOPT PACKING pc=0x00000000057f7938 sp=0x000000004dcde330
Event: 7975.407 Thread 0x000000001fd94000 DEOPT UNPACKING pc=0x0000000002b7557b sp=0x000000004dcde2b0 mode 2
Event: 7975.407 Thread 0x000000001fd94000 Uncommon trap: trap_request=0xffffff65 fr.pc=0x0000000003a02f7c
Event: 7975.407 Thread 0x000000001fd94000 DEOPT PACKING pc=0x0000000003a02f7c sp=0x000000004dcdead0
Event: 7975.407 Thread 0x000000001fd94000 DEOPT UNPACKING pc=0x0000000002b7557b sp=0x000000004dcdead8 mode 2
Event: 7975.407 Thread 0x0000000015202800 flushing nmethod 0x0000000003f46b90
Event: 7975.410 Thread 0x0000000015202800 flushing nmethod 0x00000000040fb090


Dynamic libraries:
0x00007ff76dff0000 - 0x00007ff76e021000 	E:\Program Files\Android\Android Studio\jre\bin\java.exe
0x00007ff8c9b00000 - 0x00007ff8c9ced000 	C:\Windows\SYSTEM32\ntdll.dll
0x00007ff8c79d0000 - 0x00007ff8c7a83000 	C:\Windows\System32\KERNEL32.DLL
0x00007ff8c5e10000 - 0x00007ff8c60a3000 	C:\Windows\System32\KERNELBASE.dll
0x00007ff8c7f10000 - 0x00007ff8c7fb3000 	C:\Windows\System32\ADVAPI32.dll
0x00007ff8c8320000 - 0x00007ff8c83be000 	C:\Windows\System32\msvcrt.dll
0x00007ff8c7790000 - 0x00007ff8c782e000 	C:\Windows\System32\sechost.dll
0x00007ff8c98c0000 - 0x00007ff8c99e2000 	C:\Windows\System32\RPCRT4.dll
0x00007ff8c7830000 - 0x00007ff8c79c7000 	C:\Windows\System32\USER32.dll
0x00007ff8c6200000 - 0x00007ff8c6220000 	C:\Windows\System32\win32u.dll
0x00007ff8c7240000 - 0x00007ff8c7269000 	C:\Windows\System32\GDI32.dll
0x00007ff8c5bc0000 - 0x00007ff8c5d59000 	C:\Windows\System32\gdi32full.dll
0x00007ff8c6160000 - 0x00007ff8c6200000 	C:\Windows\System32\msvcp_win.dll
0x00007ff8c6220000 - 0x00007ff8c631a000 	C:\Windows\System32\ucrtbase.dll
0x00007ff8ba0f0000 - 0x00007ff8ba369000 	C:\Windows\WinSxS\amd64_microsoft.windows.common-controls_6595b64144ccf1df_6.0.17763.973_none_05b245900721eb81\COMCTL32.dll
0x00007ff8c7ff0000 - 0x00007ff8c831c000 	C:\Windows\System32\combase.dll
0x00007ff8c60b0000 - 0x00007ff8c612e000 	C:\Windows\System32\bcryptPrimitives.dll
0x00007ff8c7210000 - 0x00007ff8c723e000 	C:\Windows\System32\IMM32.DLL
0x000000005bc50000 - 0x000000005bd22000 	E:\Program Files\Android\Android Studio\jre\jre\bin\msvcr100.dll
0x000000005be30000 - 0x000000005c676000 	E:\Program Files\Android\Android Studio\jre\jre\bin\server\jvm.dll
0x00007ff8c6ed0000 - 0x00007ff8c6ed8000 	C:\Windows\System32\PSAPI.DLL
0x00007ff8c2650000 - 0x00007ff8c2659000 	C:\Windows\SYSTEM32\WSOCK32.dll
0x00007ff8c99f0000 - 0x00007ff8c9a5d000 	C:\Windows\System32\WS2_32.dll
0x00007ff8c3710000 - 0x00007ff8c3734000 	C:\Windows\SYSTEM32\WINMM.dll
0x00007ff8c1860000 - 0x00007ff8c186a000 	C:\Windows\SYSTEM32\VERSION.dll
0x00007ff8c36e0000 - 0x00007ff8c370d000 	C:\Windows\SYSTEM32\WINMMBASE.dll
0x00007ff8c6cd0000 - 0x00007ff8c6d1a000 	C:\Windows\System32\cfgmgr32.dll
0x00007ff8c2580000 - 0x00007ff8c258f000 	E:\Program Files\Android\Android Studio\jre\jre\bin\verify.dll
0x00007ff8b52a0000 - 0x00007ff8b52c9000 	E:\Program Files\Android\Android Studio\jre\jre\bin\java.dll
0x00007ff8b66c0000 - 0x00007ff8b66d6000 	E:\Program Files\Android\Android Studio\jre\jre\bin\zip.dll
0x00007ff8c83c0000 - 0x00007ff8c98b4000 	C:\Windows\System32\SHELL32.dll
0x00007ff8c70b0000 - 0x00007ff8c7158000 	C:\Windows\System32\shcore.dll
0x00007ff8c6340000 - 0x00007ff8c6a8d000 	C:\Windows\System32\windows.storage.dll
0x00007ff8c5b90000 - 0x00007ff8c5bb4000 	C:\Windows\System32\profapi.dll
0x00007ff8c5af0000 - 0x00007ff8c5b4d000 	C:\Windows\System32\powrprof.dll
0x00007ff8c9a60000 - 0x00007ff8c9ab2000 	C:\Windows\System32\shlwapi.dll
0x00007ff8c5b50000 - 0x00007ff8c5b61000 	C:\Windows\System32\kernel.appcore.dll
0x00007ff8c6320000 - 0x00007ff8c6337000 	C:\Windows\System32\cryptsp.dll
0x00007ff8b32c0000 - 0x00007ff8b32da000 	E:\Program Files\Android\Android Studio\jre\jre\bin\net.dll
0x00007ff8c5360000 - 0x00007ff8c53c7000 	C:\Windows\system32\mswsock.dll
0x00007ff8b1fa0000 - 0x00007ff8b1fb1000 	E:\Program Files\Android\Android Studio\jre\jre\bin\nio.dll
0x00007ff8ba750000 - 0x00007ff8ba776000 	C:\Users\Aldr\.gradle\native\29\windows-amd64\native-platform.dll
0x00007ff8c13a0000 - 0x00007ff8c13ad000 	E:\Program Files\Android\Android Studio\jre\jre\bin\management.dll
0x00007ff8c4ee0000 - 0x00007ff8c4f13000 	C:\Windows\system32\rsaenh.dll
0x00007ff8c6130000 - 0x00007ff8c6156000 	C:\Windows\System32\bcrypt.dll
0x00007ff8c59f0000 - 0x00007ff8c5a18000 	C:\Windows\SYSTEM32\USERENV.dll
0x00007ff8c5530000 - 0x00007ff8c553c000 	C:\Windows\SYSTEM32\CRYPTBASE.dll
0x00007ff8c5080000 - 0x00007ff8c50bd000 	C:\Windows\SYSTEM32\IPHLPAPI.DLL
0x00007ff8c7fe0000 - 0x00007ff8c7fe8000 	C:\Windows\System32\NSI.dll
0x00007ff8bec00000 - 0x00007ff8bec16000 	C:\Windows\SYSTEM32\dhcpcsvc6.DLL
0x00007ff8bebe0000 - 0x00007ff8bebfc000 	C:\Windows\SYSTEM32\dhcpcsvc.DLL
0x00007ff8c50c0000 - 0x00007ff8c5186000 	C:\Windows\SYSTEM32\DNSAPI.dll

VM Arguments:
jvm_args: -Xmx1024m -Dfile.encoding=windows-1251 -Duser.country=UA -Duser.language=uk -Duser.variant 
java_command: org.gradle.launcher.daemon.bootstrap.GradleDaemon 5.4.1
java_class_path (initial): C:\Users\Aldr\.gradle\wrapper\dists\gradle-5.4.1-all\3221gyojl5jsh0helicew7rwx\gradle-5.4.1\lib\gradle-launcher-5.4.1.jar
Launcher Type: SUN_STANDARD

Environment Variables:
PATH=C:\Program Files (x86)\Common Files\Oracle\Java\javapath;C:\Windows\system32;C:\Windows;C:\Windows\System32\Wbem;C:\Windows\System32\WindowsPowerShell\v1.0\;C:\Windows\System32\OpenSSH\;C:\Program Files (x86)\NVIDIA Corporation\PhysX\Common;C:\Program Files\NVIDIA Corporation\NVIDIA NvDLISR;C:\Program Files\dotnet\;E:\Program Files\Git\cmd;C:\Users\Aldr\AppData\Local\Programs\Python\Python38\Scripts\;C:\Users\Aldr\AppData\Local\Programs\Python\Python38\;C:\Users\Aldr\AppData\Local\Microsoft\WindowsApps;;E:\Program Files\JetBrains\PyCharm\bin;;E:\Program Files\JetBrains\IntelliJ IDEA\bin;;C:\Users\Aldr\AppData\Local\Programs\Microsoft VS Code\bin
USERNAME=Aldr
OS=Windows_NT
PROCESSOR_IDENTIFIER=Intel64 Family 6 Model 58 Stepping 9, GenuineIntel



---------------  S Y S T E M  ---------------

OS: Windows 10.0 , 64 bit Build 17763 (10.0.17763.475)

CPU:total 4 (initial active 4) (2 cores per cpu, 2 threads per core) family 6 model 58 stepping 9, cmov, cx8, fxsr, mmx, sse, sse2, sse3, ssse3, sse4.1, sse4.2, popcnt, avx, clmul, erms, ht, tsc, tscinvbit, tscinv

Memory: 4k page, physical 8298440k(1747436k free), swap 9117640k(14336k free)

vm_info: OpenJDK 64-Bit Server VM (25.202-b03) for windows-amd64 JRE (1.8.0_202-release-1483-b03), built by "builder" with MS VC++ 10.0 (VS2010)

time: Sun Feb 02 23:32:16 2020
timezone: Фінляндія (зима)
elapsed time: 7975 seconds (0d 2h 12m 55s)

